<?xml version="1.0" encoding="UTF-8"?>
<!-- Generated by org.testng.reporters.JUnitXMLReporter -->
<testsuite hostname="dell-PC" name="Command line test" tests="5" failures="0" timestamp="9 Aug 2018 14:37:18 GMT" time="0.045" errors="0">
  <testcase name="loginApp1" time="0.001" classname="seleniumTests.TestNG2"/>
  <testcase name="test1" time="0.0" classname="seleniumTests.TestNG2"/>
  <testcase name="test2" time="0.0" classname="seleniumTests.TestNG2"/>
  <testcase name="test1" time="0.0" classname="seleniumTests.TestNGPractise"/>
  <testcase name="test2" time="0.001" classname="seleniumTests.TestNGPractise"/>
</testsuite> <!-- Command line test -->
