<?xml version="1.0" encoding="UTF-8"?>
<testng-results skipped="0" failed="0" ignored="0" total="0" passed="0">
  <reporter-output>
  </reporter-output>
  <suite name="My Suite" duration-ms="45" started-at="2018-08-11T01:53:02Z" finished-at="2018-08-11T01:53:02Z">
    <groups>
    </groups>
    <test name="Chrome Browser test" duration-ms="12" started-at="2018-08-11T01:53:02Z" finished-at="2018-08-11T01:53:02Z">
    </test> <!-- Chrome Browser test -->
    <test name="FF Browser test" duration-ms="0" started-at="2018-08-11T01:53:02Z" finished-at="2018-08-11T01:53:02Z">
    </test> <!-- FF Browser test -->
  </suite> <!-- My Suite -->
</testng-results>
